2023-02-07 15:40:21,796 - mmcls - INFO - Environment info:
------------------------------------------------------------
sys.platform: linux
Python: 3.6.9 (default, Nov 25 2022, 14:10:45) [GCC 8.4.0]
CUDA available: True
GPU 0: GeForce RTX 2080
CUDA_HOME: /usr/local/cuda
NVCC: Cuda compilation tools, release 10.2, V10.2.8
GCC: x86_64-linux-gnu-gcc (Ubuntu 7.5.0-3ubuntu1~18.04) 7.5.0
PyTorch: 1.10.1+cu102
PyTorch compiling details: PyTorch built with:
  - GCC 7.3
  - C++ Version: 201402
  - Intel(R) Math Kernel Library Version 2020.0.0 Product Build 20191122 for Intel(R) 64 architecture applications
  - Intel(R) MKL-DNN v2.2.3 (Git Hash 7336ca9f055cf1bfa13efb658fe15dc9b41f0740)
  - OpenMP 201511 (a.k.a. OpenMP 4.5)
  - LAPACK is enabled (usually provided by MKL)
  - NNPACK is enabled
  - CPU capability usage: AVX2
  - CUDA Runtime 10.2
  - NVCC architecture flags: -gencode;arch=compute_37,code=sm_37;-gencode;arch=compute_50,code=sm_50;-gencode;arch=compute_60,code=sm_60;-gencode;arch=compute_70,code=sm_70
  - CuDNN 7.6.5
  - Magma 2.5.2
  - Build settings: BLAS_INFO=mkl, BUILD_TYPE=Release, CUDA_VERSION=10.2, CUDNN_VERSION=7.6.5, CXX_COMPILER=/opt/rh/devtoolset-7/root/usr/bin/c++, CXX_FLAGS= -Wno-deprecated -fvisibility-inlines-hidden -DUSE_PTHREADPOOL -fopenmp -DNDEBUG -DUSE_KINETO -DUSE_FBGEMM -DUSE_QNNPACK -DUSE_PYTORCH_QNNPACK -DUSE_XNNPACK -DSYMBOLICATE_MOBILE_DEBUG_HANDLE -DEDGE_PROFILER_USE_KINETO -O2 -fPIC -Wno-narrowing -Wall -Wextra -Werror=return-type -Wno-missing-field-initializers -Wno-type-limits -Wno-array-bounds -Wno-unknown-pragmas -Wno-sign-compare -Wno-unused-parameter -Wno-unused-variable -Wno-unused-function -Wno-unused-result -Wno-unused-local-typedefs -Wno-strict-overflow -Wno-strict-aliasing -Wno-error=deprecated-declarations -Wno-stringop-overflow -Wno-psabi -Wno-error=pedantic -Wno-error=redundant-decls -Wno-error=old-style-cast -fdiagnostics-color=always -faligned-new -Wno-unused-but-set-variable -Wno-maybe-uninitialized -fno-math-errno -fno-trapping-math -Werror=format -Wno-stringop-overflow, LAPACK_INFO=mkl, PERF_WITH_AVX=1, PERF_WITH_AVX2=1, PERF_WITH_AVX512=1, TORCH_VERSION=1.10.1, USE_CUDA=ON, USE_CUDNN=ON, USE_EXCEPTION_PTR=1, USE_GFLAGS=OFF, USE_GLOG=OFF, USE_MKL=ON, USE_MKLDNN=ON, USE_MPI=OFF, USE_NCCL=ON, USE_NNPACK=ON, USE_OPENMP=ON, 

TorchVision: 0.11.2+cu102
OpenCV: 3.4.11
MMCV: 1.7.1
MMCV Compiler: GCC 7.5
MMCV CUDA Compiler: 10.2
MMClassification: 0.25.0+2495400
------------------------------------------------------------

2023-02-07 15:40:21,797 - mmcls - INFO - Distributed training: False
2023-02-07 15:40:21,978 - mmcls - INFO - Config:
model = dict(
    type='ImageClassifier',
    backbone=dict(
        type='ResNet',
        depth=18,
        num_stages=4,
        out_indices=(3, ),
        style='pytorch'),
    neck=dict(type='GlobalAveragePooling'),
    head=dict(
        type='LinearClsHead',
        num_classes=5,
        in_channels=512,
        loss=dict(type='CrossEntropyLoss', loss_weight=1.0),
        topk=(1, )))
dataset_type = 'ImageNet'
img_norm_cfg = dict(
    mean=[123.675, 116.28, 103.53], std=[58.395, 57.12, 57.375], to_rgb=True)
train_pipeline = [
    dict(type='LoadImageFromFile'),
    dict(type='RandomResizedCrop', size=224),
    dict(type='RandomFlip', flip_prob=0.5, direction='horizontal'),
    dict(
        type='Normalize',
        mean=[123.675, 116.28, 103.53],
        std=[58.395, 57.12, 57.375],
        to_rgb=True),
    dict(type='ImageToTensor', keys=['img']),
    dict(type='ToTensor', keys=['gt_label']),
    dict(type='Collect', keys=['img', 'gt_label'])
]
test_pipeline = [
    dict(type='LoadImageFromFile'),
    dict(type='Resize', size=(256, -1)),
    dict(type='CenterCrop', crop_size=224),
    dict(
        type='Normalize',
        mean=[123.675, 116.28, 103.53],
        std=[58.395, 57.12, 57.375],
        to_rgb=True),
    dict(type='ImageToTensor', keys=['img']),
    dict(type='Collect', keys=['img'])
]
data = dict(
    samples_per_gpu=32,
    workers_per_gpu=2,
    train=dict(
        type='ImageNet',
        data_prefix='data/',
        pipeline=[
            dict(type='LoadImageFromFile'),
            dict(type='RandomResizedCrop', size=224),
            dict(type='RandomFlip', flip_prob=0.5, direction='horizontal'),
            dict(
                type='Normalize',
                mean=[123.675, 116.28, 103.53],
                std=[58.395, 57.12, 57.375],
                to_rgb=True),
            dict(type='ImageToTensor', keys=['img']),
            dict(type='ToTensor', keys=['gt_label']),
            dict(type='Collect', keys=['img', 'gt_label'])
        ],
        ann_file='data/flower_dataset_train_data/train.txt',
        classes='data/flower_dataset_train_data/classes.txt'),
    val=dict(
        type='ImageNet',
        data_prefix='data/',
        ann_file='data/flower_dataset_train_data/val.txt',
        pipeline=[
            dict(type='LoadImageFromFile'),
            dict(type='Resize', size=(256, -1)),
            dict(type='CenterCrop', crop_size=224),
            dict(
                type='Normalize',
                mean=[123.675, 116.28, 103.53],
                std=[58.395, 57.12, 57.375],
                to_rgb=True),
            dict(type='ImageToTensor', keys=['img']),
            dict(type='Collect', keys=['img'])
        ],
        classes='data/flower_dataset_train_data/classes.txt'),
    test=dict(
        type='ImageNet',
        data_prefix='data/imagenet/val',
        ann_file='data/imagenet/meta/val.txt',
        pipeline=[
            dict(type='LoadImageFromFile'),
            dict(type='Resize', size=(256, -1)),
            dict(type='CenterCrop', crop_size=224),
            dict(
                type='Normalize',
                mean=[123.675, 116.28, 103.53],
                std=[58.395, 57.12, 57.375],
                to_rgb=True),
            dict(type='ImageToTensor', keys=['img']),
            dict(type='Collect', keys=['img'])
        ]))
evaluation = dict(
    interval=1, metric='accuracy', metric_options=dict(topk=(1, )))
checkpoint_config = dict(interval=1)
log_config = dict(interval=100, hooks=[dict(type='TextLoggerHook')])
dist_params = dict(backend='nccl')
log_level = 'INFO'
load_from = '/home/ml_ocr_openmmlab/mmclassification/checkpoints/resnet18_batch256_imagenet_20200708-34ab8f90.pth'
resume_from = None
workflow = [('train', 1)]
optimizer = dict(type='SGD', lr=0.001, momentum=0.9, weight_decay=0.0001)
optimizer_config = dict(grad_clip=None)
lr_config = dict(policy='step', step=[1])
runner = dict(type='EpochBasedRunner', max_epochs=100)
work_dir = 'work_dirs/flower'
gpu_ids = [0]

2023-02-07 15:40:21,979 - mmcls - INFO - Set random seed to 1214364405, deterministic: False
2023-02-07 15:40:24,907 - mmcls - INFO - load checkpoint from local path: /home/ml_ocr_openmmlab/mmclassification/checkpoints/resnet18_batch256_imagenet_20200708-34ab8f90.pth
2023-02-07 15:40:24,934 - mmcls - WARNING - The model and loaded state dict do not match exactly

size mismatch for head.fc.weight: copying a param with shape torch.Size([1000, 512]) from checkpoint, the shape in current model is torch.Size([5, 512]).
size mismatch for head.fc.bias: copying a param with shape torch.Size([1000]) from checkpoint, the shape in current model is torch.Size([5]).
2023-02-07 15:40:24,934 - mmcls - INFO - Start running, host: carpool@datanode1, work_dir: /home/ml_ocr_openmmlab/mmclassification/work_dirs/flower
2023-02-07 15:40:24,935 - mmcls - INFO - Hooks will be executed in the following order:
before_run:
(VERY_HIGH   ) StepLrUpdaterHook                  
(NORMAL      ) CheckpointHook                     
(LOW         ) EvalHook                           
(VERY_LOW    ) TextLoggerHook                     
 -------------------- 
before_train_epoch:
(VERY_HIGH   ) StepLrUpdaterHook                  
(LOW         ) IterTimerHook                      
(LOW         ) EvalHook                           
(VERY_LOW    ) TextLoggerHook                     
 -------------------- 
before_train_iter:
(VERY_HIGH   ) StepLrUpdaterHook                  
(LOW         ) IterTimerHook                      
(LOW         ) EvalHook                           
 -------------------- 
after_train_iter:
(ABOVE_NORMAL) OptimizerHook                      
(NORMAL      ) CheckpointHook                     
(LOW         ) IterTimerHook                      
(LOW         ) EvalHook                           
(VERY_LOW    ) TextLoggerHook                     
 -------------------- 
after_train_epoch:
(NORMAL      ) CheckpointHook                     
(LOW         ) EvalHook                           
(VERY_LOW    ) TextLoggerHook                     
 -------------------- 
before_val_epoch:
(LOW         ) IterTimerHook                      
(VERY_LOW    ) TextLoggerHook                     
 -------------------- 
before_val_iter:
(LOW         ) IterTimerHook                      
 -------------------- 
after_val_iter:
(LOW         ) IterTimerHook                      
 -------------------- 
after_val_epoch:
(VERY_LOW    ) TextLoggerHook                     
 -------------------- 
after_run:
(VERY_LOW    ) TextLoggerHook                     
 -------------------- 
2023-02-07 15:40:24,935 - mmcls - INFO - workflow: [('train', 1)], max: 100 epochs
2023-02-07 15:40:24,935 - mmcls - INFO - Checkpoints will be saved to /home/ml_ocr_openmmlab/mmclassification/work_dirs/flower by HardDiskBackend.
2023-02-07 15:40:31,161 - mmcls - INFO - Saving checkpoint at 1 epochs
2023-02-07 15:40:32,215 - mmcls - INFO - Epoch(val) [1][18]	accuracy_top-1: 93.7063
2023-02-07 15:40:38,145 - mmcls - INFO - Saving checkpoint at 2 epochs
2023-02-07 15:40:39,082 - mmcls - INFO - Epoch(val) [2][18]	accuracy_top-1: 93.7063
2023-02-07 15:40:45,037 - mmcls - INFO - Saving checkpoint at 3 epochs
2023-02-07 15:40:45,971 - mmcls - INFO - Epoch(val) [3][18]	accuracy_top-1: 94.2308
2023-02-07 15:40:51,927 - mmcls - INFO - Saving checkpoint at 4 epochs
2023-02-07 15:40:52,823 - mmcls - INFO - Epoch(val) [4][18]	accuracy_top-1: 94.5804
2023-02-07 15:40:58,797 - mmcls - INFO - Saving checkpoint at 5 epochs
2023-02-07 15:40:59,691 - mmcls - INFO - Epoch(val) [5][18]	accuracy_top-1: 94.7552
2023-02-07 15:41:05,662 - mmcls - INFO - Saving checkpoint at 6 epochs
2023-02-07 15:41:06,598 - mmcls - INFO - Epoch(val) [6][18]	accuracy_top-1: 94.7552
2023-02-07 15:41:12,528 - mmcls - INFO - Saving checkpoint at 7 epochs
2023-02-07 15:41:13,437 - mmcls - INFO - Epoch(val) [7][18]	accuracy_top-1: 95.1049
2023-02-07 15:41:19,376 - mmcls - INFO - Saving checkpoint at 8 epochs
2023-02-07 15:41:20,270 - mmcls - INFO - Epoch(val) [8][18]	accuracy_top-1: 94.9301
2023-02-07 15:41:26,208 - mmcls - INFO - Saving checkpoint at 9 epochs
2023-02-07 15:41:27,106 - mmcls - INFO - Epoch(val) [9][18]	accuracy_top-1: 95.2797
2023-02-07 15:41:33,050 - mmcls - INFO - Saving checkpoint at 10 epochs
2023-02-07 15:41:33,949 - mmcls - INFO - Epoch(val) [10][18]	accuracy_top-1: 95.4545
2023-02-07 15:41:39,920 - mmcls - INFO - Saving checkpoint at 11 epochs
2023-02-07 15:41:40,859 - mmcls - INFO - Epoch(val) [11][18]	accuracy_top-1: 95.2797
2023-02-07 15:41:46,822 - mmcls - INFO - Saving checkpoint at 12 epochs
2023-02-07 15:41:47,727 - mmcls - INFO - Epoch(val) [12][18]	accuracy_top-1: 95.1049
2023-02-07 15:41:53,675 - mmcls - INFO - Saving checkpoint at 13 epochs
2023-02-07 15:41:54,588 - mmcls - INFO - Epoch(val) [13][18]	accuracy_top-1: 95.4545
2023-02-07 15:42:00,524 - mmcls - INFO - Saving checkpoint at 14 epochs
2023-02-07 15:42:01,425 - mmcls - INFO - Epoch(val) [14][18]	accuracy_top-1: 95.8042
2023-02-07 15:42:07,371 - mmcls - INFO - Saving checkpoint at 15 epochs
2023-02-07 15:42:08,270 - mmcls - INFO - Epoch(val) [15][18]	accuracy_top-1: 95.8042
2023-02-07 15:42:14,211 - mmcls - INFO - Saving checkpoint at 16 epochs
2023-02-07 15:42:15,128 - mmcls - INFO - Epoch(val) [16][18]	accuracy_top-1: 95.8042
2023-02-07 15:42:21,079 - mmcls - INFO - Saving checkpoint at 17 epochs
2023-02-07 15:42:21,983 - mmcls - INFO - Epoch(val) [17][18]	accuracy_top-1: 95.9790
2023-02-07 15:42:27,932 - mmcls - INFO - Saving checkpoint at 18 epochs
2023-02-07 15:42:28,845 - mmcls - INFO - Epoch(val) [18][18]	accuracy_top-1: 95.6294
2023-02-07 15:42:34,807 - mmcls - INFO - Saving checkpoint at 19 epochs
2023-02-07 15:42:35,751 - mmcls - INFO - Epoch(val) [19][18]	accuracy_top-1: 95.9790
2023-02-07 15:42:41,682 - mmcls - INFO - Saving checkpoint at 20 epochs
2023-02-07 15:42:42,592 - mmcls - INFO - Epoch(val) [20][18]	accuracy_top-1: 95.6294
2023-02-07 15:42:48,518 - mmcls - INFO - Saving checkpoint at 21 epochs
2023-02-07 15:42:49,434 - mmcls - INFO - Epoch(val) [21][18]	accuracy_top-1: 95.8042
2023-02-07 15:42:55,371 - mmcls - INFO - Saving checkpoint at 22 epochs
2023-02-07 15:42:56,274 - mmcls - INFO - Epoch(val) [22][18]	accuracy_top-1: 95.6294
2023-02-07 15:43:02,232 - mmcls - INFO - Saving checkpoint at 23 epochs
2023-02-07 15:43:03,174 - mmcls - INFO - Epoch(val) [23][18]	accuracy_top-1: 95.9790
2023-02-07 15:43:09,113 - mmcls - INFO - Saving checkpoint at 24 epochs
2023-02-07 15:43:10,022 - mmcls - INFO - Epoch(val) [24][18]	accuracy_top-1: 95.8042
2023-02-07 15:43:15,989 - mmcls - INFO - Saving checkpoint at 25 epochs
2023-02-07 15:43:16,895 - mmcls - INFO - Epoch(val) [25][18]	accuracy_top-1: 96.6783
2023-02-07 15:43:22,871 - mmcls - INFO - Saving checkpoint at 26 epochs
2023-02-07 15:43:23,816 - mmcls - INFO - Epoch(val) [26][18]	accuracy_top-1: 96.3287
2023-02-07 15:43:29,743 - mmcls - INFO - Saving checkpoint at 27 epochs
2023-02-07 15:43:30,637 - mmcls - INFO - Epoch(val) [27][18]	accuracy_top-1: 96.1538
2023-02-07 15:43:36,566 - mmcls - INFO - Saving checkpoint at 28 epochs
2023-02-07 15:43:37,494 - mmcls - INFO - Epoch(val) [28][18]	accuracy_top-1: 95.8042
2023-02-07 15:43:43,442 - mmcls - INFO - Saving checkpoint at 29 epochs
2023-02-07 15:43:44,351 - mmcls - INFO - Epoch(val) [29][18]	accuracy_top-1: 96.3287
2023-02-07 15:43:50,299 - mmcls - INFO - Saving checkpoint at 30 epochs
2023-02-07 15:43:51,208 - mmcls - INFO - Epoch(val) [30][18]	accuracy_top-1: 97.0280
2023-02-07 15:43:57,143 - mmcls - INFO - Saving checkpoint at 31 epochs
2023-02-07 15:43:58,077 - mmcls - INFO - Epoch(val) [31][18]	accuracy_top-1: 96.6783
2023-02-07 15:44:04,031 - mmcls - INFO - Saving checkpoint at 32 epochs
2023-02-07 15:44:04,942 - mmcls - INFO - Epoch(val) [32][18]	accuracy_top-1: 96.6783
2023-02-07 15:44:10,895 - mmcls - INFO - Saving checkpoint at 33 epochs
2023-02-07 15:44:11,802 - mmcls - INFO - Epoch(val) [33][18]	accuracy_top-1: 96.5035
2023-02-07 15:44:17,757 - mmcls - INFO - Saving checkpoint at 34 epochs
2023-02-07 15:44:18,685 - mmcls - INFO - Epoch(val) [34][18]	accuracy_top-1: 96.8531
2023-02-07 15:44:24,631 - mmcls - INFO - Saving checkpoint at 35 epochs
2023-02-07 15:44:25,572 - mmcls - INFO - Epoch(val) [35][18]	accuracy_top-1: 96.3287
2023-02-07 15:44:31,517 - mmcls - INFO - Saving checkpoint at 36 epochs
2023-02-07 15:44:32,457 - mmcls - INFO - Epoch(val) [36][18]	accuracy_top-1: 96.6783
2023-02-07 15:44:38,414 - mmcls - INFO - Saving checkpoint at 37 epochs
2023-02-07 15:44:39,322 - mmcls - INFO - Epoch(val) [37][18]	accuracy_top-1: 96.8531
2023-02-07 15:44:45,274 - mmcls - INFO - Saving checkpoint at 38 epochs
2023-02-07 15:44:46,172 - mmcls - INFO - Epoch(val) [38][18]	accuracy_top-1: 96.6783
2023-02-07 15:44:52,127 - mmcls - INFO - Saving checkpoint at 39 epochs
2023-02-07 15:44:53,064 - mmcls - INFO - Epoch(val) [39][18]	accuracy_top-1: 96.8531
2023-02-07 15:44:59,006 - mmcls - INFO - Saving checkpoint at 40 epochs
2023-02-07 15:44:59,927 - mmcls - INFO - Epoch(val) [40][18]	accuracy_top-1: 97.0280
2023-02-07 15:45:05,870 - mmcls - INFO - Saving checkpoint at 41 epochs
2023-02-07 15:45:06,789 - mmcls - INFO - Epoch(val) [41][18]	accuracy_top-1: 96.5035
2023-02-07 15:45:12,730 - mmcls - INFO - Saving checkpoint at 42 epochs
2023-02-07 15:45:13,635 - mmcls - INFO - Epoch(val) [42][18]	accuracy_top-1: 97.0280
2023-02-07 15:45:19,573 - mmcls - INFO - Saving checkpoint at 43 epochs
2023-02-07 15:45:20,515 - mmcls - INFO - Epoch(val) [43][18]	accuracy_top-1: 97.0280
2023-02-07 15:45:26,446 - mmcls - INFO - Saving checkpoint at 44 epochs
2023-02-07 15:45:27,351 - mmcls - INFO - Epoch(val) [44][18]	accuracy_top-1: 97.2028
2023-02-07 15:45:33,314 - mmcls - INFO - Saving checkpoint at 45 epochs
2023-02-07 15:45:34,221 - mmcls - INFO - Epoch(val) [45][18]	accuracy_top-1: 96.1538
2023-02-07 15:45:40,155 - mmcls - INFO - Saving checkpoint at 46 epochs
2023-02-07 15:45:41,103 - mmcls - INFO - Epoch(val) [46][18]	accuracy_top-1: 96.6783
2023-02-07 15:45:47,080 - mmcls - INFO - Saving checkpoint at 47 epochs
2023-02-07 15:45:48,029 - mmcls - INFO - Epoch(val) [47][18]	accuracy_top-1: 97.0280
2023-02-07 15:45:53,998 - mmcls - INFO - Saving checkpoint at 48 epochs
2023-02-07 15:45:54,908 - mmcls - INFO - Epoch(val) [48][18]	accuracy_top-1: 97.5525
2023-02-07 15:46:00,854 - mmcls - INFO - Saving checkpoint at 49 epochs
2023-02-07 15:46:01,801 - mmcls - INFO - Epoch(val) [49][18]	accuracy_top-1: 97.5525
2023-02-07 15:46:07,753 - mmcls - INFO - Saving checkpoint at 50 epochs
2023-02-07 15:46:08,655 - mmcls - INFO - Epoch(val) [50][18]	accuracy_top-1: 97.3776
2023-02-07 15:46:14,609 - mmcls - INFO - Saving checkpoint at 51 epochs
2023-02-07 15:46:15,516 - mmcls - INFO - Epoch(val) [51][18]	accuracy_top-1: 97.2028
2023-02-07 15:46:21,465 - mmcls - INFO - Saving checkpoint at 52 epochs
2023-02-07 15:46:22,371 - mmcls - INFO - Epoch(val) [52][18]	accuracy_top-1: 97.0280
2023-02-07 15:46:28,344 - mmcls - INFO - Saving checkpoint at 53 epochs
2023-02-07 15:46:29,250 - mmcls - INFO - Epoch(val) [53][18]	accuracy_top-1: 97.2028
2023-02-07 15:46:35,205 - mmcls - INFO - Saving checkpoint at 54 epochs
2023-02-07 15:46:36,107 - mmcls - INFO - Epoch(val) [54][18]	accuracy_top-1: 96.6783
2023-02-07 15:46:42,043 - mmcls - INFO - Saving checkpoint at 55 epochs
2023-02-07 15:46:42,954 - mmcls - INFO - Epoch(val) [55][18]	accuracy_top-1: 96.8531
2023-02-07 15:46:48,899 - mmcls - INFO - Saving checkpoint at 56 epochs
2023-02-07 15:46:49,819 - mmcls - INFO - Epoch(val) [56][18]	accuracy_top-1: 97.2028
2023-02-07 15:46:55,767 - mmcls - INFO - Saving checkpoint at 57 epochs
2023-02-07 15:46:56,698 - mmcls - INFO - Epoch(val) [57][18]	accuracy_top-1: 97.2028
2023-02-07 15:47:02,644 - mmcls - INFO - Saving checkpoint at 58 epochs
2023-02-07 15:47:03,583 - mmcls - INFO - Epoch(val) [58][18]	accuracy_top-1: 96.8531
2023-02-07 15:47:09,534 - mmcls - INFO - Saving checkpoint at 59 epochs
2023-02-07 15:47:10,455 - mmcls - INFO - Epoch(val) [59][18]	accuracy_top-1: 97.2028
2023-02-07 15:47:16,400 - mmcls - INFO - Saving checkpoint at 60 epochs
2023-02-07 15:47:17,317 - mmcls - INFO - Epoch(val) [60][18]	accuracy_top-1: 97.2028
2023-02-07 15:47:23,264 - mmcls - INFO - Saving checkpoint at 61 epochs
2023-02-07 15:47:24,166 - mmcls - INFO - Epoch(val) [61][18]	accuracy_top-1: 96.8531
2023-02-07 15:47:30,117 - mmcls - INFO - Saving checkpoint at 62 epochs
2023-02-07 15:47:31,018 - mmcls - INFO - Epoch(val) [62][18]	accuracy_top-1: 96.8531
2023-02-07 15:47:36,965 - mmcls - INFO - Saving checkpoint at 63 epochs
2023-02-07 15:47:37,872 - mmcls - INFO - Epoch(val) [63][18]	accuracy_top-1: 97.0280
2023-02-07 15:47:43,829 - mmcls - INFO - Saving checkpoint at 64 epochs
2023-02-07 15:47:44,775 - mmcls - INFO - Epoch(val) [64][18]	accuracy_top-1: 97.3776
2023-02-07 15:47:50,735 - mmcls - INFO - Saving checkpoint at 65 epochs
2023-02-07 15:47:51,658 - mmcls - INFO - Epoch(val) [65][18]	accuracy_top-1: 97.3776
2023-02-07 15:47:57,605 - mmcls - INFO - Saving checkpoint at 66 epochs
2023-02-07 15:47:58,510 - mmcls - INFO - Epoch(val) [66][18]	accuracy_top-1: 97.2028
2023-02-07 15:48:04,468 - mmcls - INFO - Saving checkpoint at 67 epochs
2023-02-07 15:48:05,363 - mmcls - INFO - Epoch(val) [67][18]	accuracy_top-1: 97.5525
2023-02-07 15:48:11,307 - mmcls - INFO - Saving checkpoint at 68 epochs
2023-02-07 15:48:12,246 - mmcls - INFO - Epoch(val) [68][18]	accuracy_top-1: 97.3776
2023-02-07 15:48:18,184 - mmcls - INFO - Saving checkpoint at 69 epochs
2023-02-07 15:48:19,090 - mmcls - INFO - Epoch(val) [69][18]	accuracy_top-1: 97.2028
2023-02-07 15:48:25,050 - mmcls - INFO - Saving checkpoint at 70 epochs
2023-02-07 15:48:25,950 - mmcls - INFO - Epoch(val) [70][18]	accuracy_top-1: 97.2028
2023-02-07 15:48:31,902 - mmcls - INFO - Saving checkpoint at 71 epochs
2023-02-07 15:48:32,801 - mmcls - INFO - Epoch(val) [71][18]	accuracy_top-1: 97.3776
2023-02-07 15:48:38,735 - mmcls - INFO - Saving checkpoint at 72 epochs
2023-02-07 15:48:39,633 - mmcls - INFO - Epoch(val) [72][18]	accuracy_top-1: 97.5525
2023-02-07 15:48:45,602 - mmcls - INFO - Saving checkpoint at 73 epochs
2023-02-07 15:48:46,501 - mmcls - INFO - Epoch(val) [73][18]	accuracy_top-1: 97.7273
2023-02-07 15:48:52,465 - mmcls - INFO - Saving checkpoint at 74 epochs
2023-02-07 15:48:53,372 - mmcls - INFO - Epoch(val) [74][18]	accuracy_top-1: 96.8531
2023-02-07 15:48:59,317 - mmcls - INFO - Saving checkpoint at 75 epochs
2023-02-07 15:49:00,232 - mmcls - INFO - Epoch(val) [75][18]	accuracy_top-1: 97.3776
2023-02-07 15:49:06,198 - mmcls - INFO - Saving checkpoint at 76 epochs
2023-02-07 15:49:07,117 - mmcls - INFO - Epoch(val) [76][18]	accuracy_top-1: 97.5525
2023-02-07 15:49:13,067 - mmcls - INFO - Saving checkpoint at 77 epochs
2023-02-07 15:49:14,007 - mmcls - INFO - Epoch(val) [77][18]	accuracy_top-1: 97.5525
2023-02-07 15:49:19,954 - mmcls - INFO - Saving checkpoint at 78 epochs
2023-02-07 15:49:20,895 - mmcls - INFO - Epoch(val) [78][18]	accuracy_top-1: 97.5525
2023-02-07 15:49:26,851 - mmcls - INFO - Saving checkpoint at 79 epochs
2023-02-07 15:49:27,816 - mmcls - INFO - Epoch(val) [79][18]	accuracy_top-1: 97.3776
2023-02-07 15:49:33,779 - mmcls - INFO - Saving checkpoint at 80 epochs
2023-02-07 15:49:34,683 - mmcls - INFO - Epoch(val) [80][18]	accuracy_top-1: 97.9021
2023-02-07 15:49:40,620 - mmcls - INFO - Saving checkpoint at 81 epochs
2023-02-07 15:49:41,523 - mmcls - INFO - Epoch(val) [81][18]	accuracy_top-1: 97.3776
2023-02-07 15:49:47,463 - mmcls - INFO - Saving checkpoint at 82 epochs
2023-02-07 15:49:48,404 - mmcls - INFO - Epoch(val) [82][18]	accuracy_top-1: 97.5525
2023-02-07 15:49:54,362 - mmcls - INFO - Saving checkpoint at 83 epochs
2023-02-07 15:49:55,265 - mmcls - INFO - Epoch(val) [83][18]	accuracy_top-1: 97.2028
2023-02-07 15:50:01,211 - mmcls - INFO - Saving checkpoint at 84 epochs
2023-02-07 15:50:02,121 - mmcls - INFO - Epoch(val) [84][18]	accuracy_top-1: 97.3776
2023-02-07 15:50:08,090 - mmcls - INFO - Saving checkpoint at 85 epochs
2023-02-07 15:50:08,998 - mmcls - INFO - Epoch(val) [85][18]	accuracy_top-1: 97.5525
2023-02-07 15:50:14,957 - mmcls - INFO - Saving checkpoint at 86 epochs
2023-02-07 15:50:15,902 - mmcls - INFO - Epoch(val) [86][18]	accuracy_top-1: 97.7273
2023-02-07 15:50:21,853 - mmcls - INFO - Saving checkpoint at 87 epochs
2023-02-07 15:50:22,767 - mmcls - INFO - Epoch(val) [87][18]	accuracy_top-1: 97.7273
2023-02-07 15:50:28,705 - mmcls - INFO - Saving checkpoint at 88 epochs
2023-02-07 15:50:29,610 - mmcls - INFO - Epoch(val) [88][18]	accuracy_top-1: 97.5525
2023-02-07 15:50:35,555 - mmcls - INFO - Saving checkpoint at 89 epochs
2023-02-07 15:50:36,468 - mmcls - INFO - Epoch(val) [89][18]	accuracy_top-1: 97.3776
2023-02-07 15:50:42,419 - mmcls - INFO - Saving checkpoint at 90 epochs
2023-02-07 15:50:43,334 - mmcls - INFO - Epoch(val) [90][18]	accuracy_top-1: 97.2028
2023-02-07 15:50:49,294 - mmcls - INFO - Saving checkpoint at 91 epochs
2023-02-07 15:50:50,203 - mmcls - INFO - Epoch(val) [91][18]	accuracy_top-1: 97.3776
2023-02-07 15:50:56,178 - mmcls - INFO - Saving checkpoint at 92 epochs
2023-02-07 15:50:57,093 - mmcls - INFO - Epoch(val) [92][18]	accuracy_top-1: 97.5525
2023-02-07 15:51:03,051 - mmcls - INFO - Saving checkpoint at 93 epochs
2023-02-07 15:51:03,964 - mmcls - INFO - Epoch(val) [93][18]	accuracy_top-1: 96.8531
2023-02-07 15:51:09,921 - mmcls - INFO - Saving checkpoint at 94 epochs
2023-02-07 15:51:10,826 - mmcls - INFO - Epoch(val) [94][18]	accuracy_top-1: 97.5525
2023-02-07 15:51:16,802 - mmcls - INFO - Saving checkpoint at 95 epochs
2023-02-07 15:51:17,707 - mmcls - INFO - Epoch(val) [95][18]	accuracy_top-1: 97.3776
2023-02-07 15:51:23,664 - mmcls - INFO - Saving checkpoint at 96 epochs
2023-02-07 15:51:24,561 - mmcls - INFO - Epoch(val) [96][18]	accuracy_top-1: 97.0280
2023-02-07 15:51:30,490 - mmcls - INFO - Saving checkpoint at 97 epochs
2023-02-07 15:51:31,392 - mmcls - INFO - Epoch(val) [97][18]	accuracy_top-1: 97.0280
2023-02-07 15:51:37,344 - mmcls - INFO - Saving checkpoint at 98 epochs
2023-02-07 15:51:38,250 - mmcls - INFO - Epoch(val) [98][18]	accuracy_top-1: 97.7273
2023-02-07 15:51:44,181 - mmcls - INFO - Saving checkpoint at 99 epochs
2023-02-07 15:51:45,090 - mmcls - INFO - Epoch(val) [99][18]	accuracy_top-1: 97.5525
2023-02-07 15:51:51,039 - mmcls - INFO - Saving checkpoint at 100 epochs
2023-02-07 15:51:51,982 - mmcls - INFO - Epoch(val) [100][18]	accuracy_top-1: 97.3776
